mode: set
mini-project-alterra/controllers/photo.go:19.111,21.2 1 0
mini-project-alterra/controllers/photo.go:23.62,26.23 2 0
mini-project-alterra/controllers/photo.go:32.2,35.37 3 0
mini-project-alterra/controllers/photo.go:41.2,44.16 3 0
mini-project-alterra/controllers/photo.go:51.2,53.31 2 0
mini-project-alterra/controllers/photo.go:96.2,102.42 4 0
mini-project-alterra/controllers/photo.go:109.2,111.35 2 0
mini-project-alterra/controllers/photo.go:119.2,122.16 3 0
mini-project-alterra/controllers/photo.go:129.2,133.5 1 0
mini-project-alterra/controllers/photo.go:26.23,30.3 1 0
mini-project-alterra/controllers/photo.go:35.37,39.3 1 0
mini-project-alterra/controllers/photo.go:44.16,49.3 1 0
mini-project-alterra/controllers/photo.go:53.31,55.17 2 0
mini-project-alterra/controllers/photo.go:66.3,67.17 2 0
mini-project-alterra/controllers/photo.go:75.3,77.43 2 0
mini-project-alterra/controllers/photo.go:84.3,86.17 2 0
mini-project-alterra/controllers/photo.go:93.3,93.34 1 0
mini-project-alterra/controllers/photo.go:55.17,56.18 1 0
mini-project-alterra/controllers/photo.go:56.18,62.5 1 0
mini-project-alterra/controllers/photo.go:67.17,73.4 1 0
mini-project-alterra/controllers/photo.go:77.43,82.4 1 0
mini-project-alterra/controllers/photo.go:86.17,92.4 1 0
mini-project-alterra/controllers/photo.go:102.42,107.3 1 0
mini-project-alterra/controllers/photo.go:111.35,117.3 1 0
mini-project-alterra/controllers/photo.go:122.16,127.3 1 0
mini-project-alterra/controllers/photo.go:136.62,139.23 2 0
mini-project-alterra/controllers/photo.go:145.2,148.37 3 0
mini-project-alterra/controllers/photo.go:154.2,157.16 3 0
mini-project-alterra/controllers/photo.go:164.2,165.16 2 0
mini-project-alterra/controllers/photo.go:172.2,172.23 1 0
mini-project-alterra/controllers/photo.go:179.2,182.5 1 0
mini-project-alterra/controllers/photo.go:139.23,143.3 1 0
mini-project-alterra/controllers/photo.go:148.37,152.3 1 0
mini-project-alterra/controllers/photo.go:157.16,162.3 1 0
mini-project-alterra/controllers/photo.go:165.16,170.3 1 0
mini-project-alterra/controllers/photo.go:172.23,177.3 1 0
mini-project-alterra/controllers/photo.go:185.65,188.23 2 0
mini-project-alterra/controllers/photo.go:194.2,197.37 3 0
mini-project-alterra/controllers/photo.go:202.2,205.19 3 0
mini-project-alterra/controllers/photo.go:211.2,215.5 1 0
mini-project-alterra/controllers/photo.go:188.23,192.3 1 0
mini-project-alterra/controllers/photo.go:197.37,201.3 1 0
mini-project-alterra/controllers/photo.go:205.19,210.3 1 0
mini-project-alterra/controllers/photo.go:218.61,221.23 2 0
mini-project-alterra/controllers/photo.go:227.2,230.37 3 0
mini-project-alterra/controllers/photo.go:235.2,241.5 2 0
mini-project-alterra/controllers/photo.go:221.23,225.3 1 0
mini-project-alterra/controllers/photo.go:230.37,234.3 1 0
mini-project-alterra/controllers/photo.go:244.60,247.23 2 0
mini-project-alterra/controllers/photo.go:253.2,256.37 3 0
mini-project-alterra/controllers/photo.go:261.2,267.5 2 0
mini-project-alterra/controllers/photo.go:247.23,251.3 1 0
mini-project-alterra/controllers/photo.go:256.37,260.3 1 0
mini-project-alterra/controllers/photo.go:270.62,274.23 2 0
mini-project-alterra/controllers/photo.go:280.2,283.37 3 0
mini-project-alterra/controllers/photo.go:289.2,293.16 4 0
mini-project-alterra/controllers/photo.go:300.2,301.16 2 0
mini-project-alterra/controllers/photo.go:308.2,308.34 1 0
mini-project-alterra/controllers/photo.go:315.2,316.16 2 0
mini-project-alterra/controllers/photo.go:323.2,323.23 1 0
mini-project-alterra/controllers/photo.go:330.2,334.5 1 0
mini-project-alterra/controllers/photo.go:274.23,278.3 1 0
mini-project-alterra/controllers/photo.go:283.37,287.3 1 0
mini-project-alterra/controllers/photo.go:293.16,298.3 1 0
mini-project-alterra/controllers/photo.go:301.16,306.3 1 0
mini-project-alterra/controllers/photo.go:308.34,313.3 1 0
mini-project-alterra/controllers/photo.go:316.16,321.3 1 0
mini-project-alterra/controllers/photo.go:323.23,328.3 1 0
mini-project-alterra/controllers/social_media.go:18.135,20.2 1 1
mini-project-alterra/controllers/social_media.go:22.85,25.23 2 1
mini-project-alterra/controllers/social_media.go:31.2,34.37 3 0
mini-project-alterra/controllers/social_media.go:40.2,43.16 3 0
mini-project-alterra/controllers/social_media.go:50.2,50.25 1 0
mini-project-alterra/controllers/social_media.go:57.2,61.5 1 0
mini-project-alterra/controllers/social_media.go:25.23,29.3 1 1
mini-project-alterra/controllers/social_media.go:34.37,38.3 1 0
mini-project-alterra/controllers/social_media.go:43.16,48.3 1 0
mini-project-alterra/controllers/social_media.go:50.25,55.3 1 0
mini-project-alterra/controllers/social_media.go:64.81,67.23 2 1
mini-project-alterra/controllers/social_media.go:73.2,75.37 3 0
mini-project-alterra/controllers/social_media.go:81.2,82.16 2 0
mini-project-alterra/controllers/social_media.go:89.2,93.5 1 0
mini-project-alterra/controllers/social_media.go:67.23,71.3 1 1
mini-project-alterra/controllers/social_media.go:75.37,79.3 1 0
mini-project-alterra/controllers/social_media.go:82.16,87.3 1 0
mini-project-alterra/controllers/social_media.go:96.80,99.23 2 0
mini-project-alterra/controllers/social_media.go:105.2,108.37 3 0
mini-project-alterra/controllers/social_media.go:114.2,115.16 2 0
mini-project-alterra/controllers/social_media.go:122.2,126.5 1 0
mini-project-alterra/controllers/social_media.go:99.23,103.3 1 0
mini-project-alterra/controllers/social_media.go:108.37,112.3 1 0
mini-project-alterra/controllers/social_media.go:115.16,120.3 1 0
mini-project-alterra/controllers/social_media.go:129.82,132.23 2 0
mini-project-alterra/controllers/social_media.go:138.2,141.37 3 0
mini-project-alterra/controllers/social_media.go:147.2,150.16 3 0
mini-project-alterra/controllers/social_media.go:157.2,158.16 2 0
mini-project-alterra/controllers/social_media.go:165.2,169.5 1 0
mini-project-alterra/controllers/social_media.go:132.23,136.3 1 0
mini-project-alterra/controllers/social_media.go:141.37,145.3 1 0
mini-project-alterra/controllers/social_media.go:150.16,155.3 1 0
mini-project-alterra/controllers/social_media.go:158.16,163.3 1 0
mini-project-alterra/controllers/social_media.go:172.82,175.23 2 0
mini-project-alterra/controllers/social_media.go:181.2,184.37 3 0
mini-project-alterra/controllers/social_media.go:190.2,193.31 3 0
mini-project-alterra/controllers/social_media.go:200.2,201.16 2 0
mini-project-alterra/controllers/social_media.go:208.2,209.16 2 0
mini-project-alterra/controllers/social_media.go:216.2,217.16 2 0
mini-project-alterra/controllers/social_media.go:224.2,228.5 1 0
mini-project-alterra/controllers/social_media.go:175.23,179.3 1 0
mini-project-alterra/controllers/social_media.go:184.37,188.3 1 0
mini-project-alterra/controllers/social_media.go:193.31,198.3 1 0
mini-project-alterra/controllers/social_media.go:201.16,206.3 1 0
mini-project-alterra/controllers/social_media.go:209.16,214.3 1 0
mini-project-alterra/controllers/social_media.go:217.16,222.3 1 0
mini-project-alterra/controllers/social_media.go:231.82,234.23 2 0
mini-project-alterra/controllers/social_media.go:240.2,243.37 3 0
mini-project-alterra/controllers/social_media.go:249.2,250.31 2 0
mini-project-alterra/controllers/social_media.go:257.2,258.16 2 0
mini-project-alterra/controllers/social_media.go:265.2,266.16 2 0
mini-project-alterra/controllers/social_media.go:273.2,276.5 1 0
mini-project-alterra/controllers/social_media.go:234.23,238.3 1 0
mini-project-alterra/controllers/social_media.go:243.37,247.3 1 0
mini-project-alterra/controllers/social_media.go:250.31,255.3 1 0
mini-project-alterra/controllers/social_media.go:258.16,263.3 1 0
mini-project-alterra/controllers/social_media.go:266.16,271.3 1 0
mini-project-alterra/controllers/user.go:16.73,18.2 1 1
mini-project-alterra/controllers/user.go:20.65,24.16 3 1
mini-project-alterra/controllers/user.go:31.2,32.16 2 0
mini-project-alterra/controllers/user.go:39.2,45.5 1 0
mini-project-alterra/controllers/user.go:24.16,29.3 1 1
mini-project-alterra/controllers/user.go:32.16,37.3 1 0
mini-project-alterra/controllers/user.go:48.64,52.16 3 0
mini-project-alterra/controllers/user.go:59.2,60.16 2 0
mini-project-alterra/controllers/user.go:67.2,71.5 1 0
mini-project-alterra/controllers/user.go:52.16,57.3 1 0
mini-project-alterra/controllers/user.go:60.16,65.3 1 0
mini-project-alterra/controllers/user.go:74.71,77.23 2 1
mini-project-alterra/controllers/user.go:83.2,85.16 2 0
mini-project-alterra/controllers/user.go:91.2,92.16 2 0
mini-project-alterra/controllers/user.go:99.2,103.5 1 0
mini-project-alterra/controllers/user.go:77.23,81.3 1 1
mini-project-alterra/controllers/user.go:85.16,89.3 1 0
mini-project-alterra/controllers/user.go:92.16,97.3 1 0
mini-project-alterra/controllers/user.go:106.68,109.23 2 1
mini-project-alterra/controllers/user.go:115.2,117.16 2 0
mini-project-alterra/controllers/user.go:123.2,126.16 3 0
mini-project-alterra/controllers/user.go:133.2,134.16 2 0
mini-project-alterra/controllers/user.go:141.2,145.5 1 0
mini-project-alterra/controllers/user.go:109.23,113.3 1 1
mini-project-alterra/controllers/user.go:117.16,121.3 1 0
mini-project-alterra/controllers/user.go:126.16,131.3 1 0
mini-project-alterra/controllers/user.go:134.16,139.3 1 0
mini-project-alterra/controllers/user.go:148.68,151.23 2 1
mini-project-alterra/controllers/user.go:157.2,159.16 2 0
mini-project-alterra/controllers/user.go:165.2,166.16 2 0
mini-project-alterra/controllers/user.go:173.2,176.5 1 0
mini-project-alterra/controllers/user.go:151.23,155.3 1 1
mini-project-alterra/controllers/user.go:159.16,163.3 1 0
mini-project-alterra/controllers/user.go:166.16,171.3 1 0
mini-project-alterra/controllers/comment.go:18.119,20.2 1 0
mini-project-alterra/controllers/comment.go:22.66,25.23 2 0
mini-project-alterra/controllers/comment.go:31.2,34.37 3 0
mini-project-alterra/controllers/comment.go:40.2,43.16 3 0
mini-project-alterra/controllers/comment.go:50.2,53.16 3 0
mini-project-alterra/controllers/comment.go:60.2,64.5 1 0
mini-project-alterra/controllers/comment.go:25.23,29.3 1 0
mini-project-alterra/controllers/comment.go:34.37,38.3 1 0
mini-project-alterra/controllers/comment.go:43.16,48.3 1 0
mini-project-alterra/controllers/comment.go:53.16,58.3 1 0
mini-project-alterra/controllers/comment.go:67.71,71.23 2 0
mini-project-alterra/controllers/comment.go:77.2,80.37 3 0
mini-project-alterra/controllers/comment.go:86.2,89.21 3 0
mini-project-alterra/controllers/comment.go:95.2,99.5 1 0
mini-project-alterra/controllers/comment.go:71.23,75.3 1 0
mini-project-alterra/controllers/comment.go:80.37,84.3 1 0
mini-project-alterra/controllers/comment.go:89.21,94.3 1 0
mini-project-alterra/controllers/comment.go:102.68,106.23 2 0
mini-project-alterra/controllers/comment.go:112.2,115.37 3 0
mini-project-alterra/controllers/comment.go:121.2,127.5 2 0
mini-project-alterra/controllers/comment.go:106.23,110.3 1 0
mini-project-alterra/controllers/comment.go:115.37,119.3 1 0
mini-project-alterra/controllers/comment.go:130.67,133.23 2 0
mini-project-alterra/controllers/comment.go:139.2,142.37 3 0
mini-project-alterra/controllers/comment.go:147.2,153.5 2 0
mini-project-alterra/controllers/comment.go:133.23,137.3 1 0
mini-project-alterra/controllers/comment.go:142.37,146.3 1 0
mini-project-alterra/controllers/comment.go:156.66,159.23 2 0
mini-project-alterra/controllers/comment.go:165.2,168.37 3 0
mini-project-alterra/controllers/comment.go:174.2,177.16 3 0
mini-project-alterra/controllers/comment.go:184.2,185.16 2 0
mini-project-alterra/controllers/comment.go:192.2,192.23 1 0
mini-project-alterra/controllers/comment.go:199.2,202.5 1 0
mini-project-alterra/controllers/comment.go:159.23,163.3 1 0
mini-project-alterra/controllers/comment.go:168.37,172.3 1 0
mini-project-alterra/controllers/comment.go:177.16,182.3 1 0
mini-project-alterra/controllers/comment.go:185.16,190.3 1 0
mini-project-alterra/controllers/comment.go:192.23,197.3 1 0
mini-project-alterra/controllers/comment.go:205.66,208.23 2 0
mini-project-alterra/controllers/comment.go:214.2,217.37 3 0
mini-project-alterra/controllers/comment.go:223.2,227.16 4 0
mini-project-alterra/controllers/comment.go:234.2,235.16 2 0
mini-project-alterra/controllers/comment.go:242.2,243.16 2 0
mini-project-alterra/controllers/comment.go:250.2,250.23 1 0
mini-project-alterra/controllers/comment.go:257.2,261.5 1 0
mini-project-alterra/controllers/comment.go:208.23,212.3 1 0
mini-project-alterra/controllers/comment.go:217.37,221.3 1 0
mini-project-alterra/controllers/comment.go:227.16,232.3 1 0
mini-project-alterra/controllers/comment.go:235.16,240.3 1 0
mini-project-alterra/controllers/comment.go:243.16,248.3 1 0
mini-project-alterra/controllers/comment.go:250.23,255.3 1 0
